<?xml version="1.0" encoding="UTF-8"?>
<!-- Generated by org.testng.reporters.JUnitReportReporter -->
<testsuite hostname="DESKTOP-LVLL46D" failures="0" tests="1" name="appsautumationtesting.MyDemoAppTest" time="73.672" errors="0" timestamp="2025-01-22T12:29:06 BDT" skipped="0">
  <testcase classname="appsautumationtesting.MyDemoAppTest" name="test_app_one" time="73.672"/>
  <system-out/>
</testsuite> <!-- appsautumationtesting.MyDemoAppTest -->
